<?xml version="1.0" encoding="UTF-8"?>
<testsuite errors="0" failures="0" hostname="guo-PC" name="com.buaa.parking.test.parkPlaceTest" tests="5" time="0.0060" timestamp="2012-12-17T18:31:02">
  <properties />
  <testcase classname="com.buaa.parking.test.parkPlaceTest" name="parkPlace_Parking_NoPlace" time="0.0" />
  <testcase classname="com.buaa.parking.test.parkPlaceTest" name="parkPlace_GetCar_NoThisCar" time="0.0" />
  <testcase classname="com.buaa.parking.test.parkPlaceTest" name="parkPlace_ShowAvailableNum" time="0.0" />
  <testcase classname="com.buaa.parking.test.parkPlaceTest" name="parkPlace_GetCar" time="0.0" />
  <testcase classname="com.buaa.parking.test.parkPlaceTest" name="parkPlace_Parking_HavePlace" time="0.0" />
  <system-out><![CDATA[]]></system-out>
  <system-err><![CDATA[]]></system-err>
</testsuite>
